This is pdfTeX, Version 3.1415926-2.5-1.40.14 (TeX Live 2013/Debian) (format=pdflatex 2014.7.2)  10 JUL 2014 12:50
entering extended mode
 restricted \write18 enabled.
 %&-line parsing enabled.
**methodology.tex
(./methodology.tex
LaTeX2e <2011/06/27>
Babel <3.9h> and hyphenation patterns for 78 languages loaded.
(./jss.cls
Document Class: jss 2012/06/07 2.1 jss class by Achim Zeileis
(/usr/share/texlive/texmf-dist/tex/latex/base/article.cls
Document Class: article 2007/10/19 v1.4h Standard LaTeX document class
(/usr/share/texlive/texmf-dist/tex/latex/base/size11.clo
File: size11.clo 2007/10/19 v1.4h Standard LaTeX file (size option)
)
\c@part=\count79
\c@section=\count80
\c@subsection=\count81
\c@subsubsection=\count82
\c@paragraph=\count83
\c@subparagraph=\count84
\c@figure=\count85
\c@table=\count86
\abovecaptionskip=\skip41
\belowcaptionskip=\skip42
\bibindent=\dimen102
)
(/usr/share/texlive/texmf-dist/tex/latex/graphics/graphicx.sty
Package: graphicx 1999/02/16 v1.0f Enhanced LaTeX Graphics (DPC,SPQR)

(/usr/share/texlive/texmf-dist/tex/latex/graphics/keyval.sty
Package: keyval 1999/03/16 v1.13 key=value parser (DPC)
\KV@toks@=\toks14
)
(/usr/share/texlive/texmf-dist/tex/latex/graphics/graphics.sty
Package: graphics 2009/02/05 v1.0o Standard LaTeX Graphics (DPC,SPQR)

(/usr/share/texlive/texmf-dist/tex/latex/graphics/trig.sty
Package: trig 1999/03/16 v1.09 sin cos tan (DPC)
)
(/usr/share/texlive/texmf-dist/tex/latex/latexconfig/graphics.cfg
File: graphics.cfg 2010/04/23 v1.9 graphics configuration of TeX Live
)
Package graphics Info: Driver file: pdftex.def on input line 91.

(/usr/share/texlive/texmf-dist/tex/latex/pdftex-def/pdftex.def
File: pdftex.def 2011/05/27 v0.06d Graphics/color for pdfTeX

(/usr/share/texlive/texmf-dist/tex/generic/oberdiek/infwarerr.sty
Package: infwarerr 2010/04/08 v1.3 Providing info/warning/error messages (HO)
)
(/usr/share/texlive/texmf-dist/tex/generic/oberdiek/ltxcmds.sty
Package: ltxcmds 2011/11/09 v1.22 LaTeX kernel commands for general use (HO)
)
\Gread@gobject=\count87
))
\Gin@req@height=\dimen103
\Gin@req@width=\dimen104
)
(/usr/share/texlive/texmf-dist/tex/latex/a4wide/a4wide.sty
Package: a4wide 1994/08/30

(/usr/share/texlive/texmf-dist/tex/latex/ntgclass/a4.sty
Package: a4 2004/04/15 v1.2g A4 based page layout
))
(/usr/share/texlive/texmf-dist/tex/latex/graphics/color.sty
Package: color 2005/11/14 v1.0j Standard LaTeX Color (DPC)

(/usr/share/texlive/texmf-dist/tex/latex/latexconfig/color.cfg
File: color.cfg 2007/01/18 v1.5 color configuration of teTeX/TeXLive
)
Package color Info: Driver file: pdftex.def on input line 130.
)
(/usr/share/texlive/texmf-dist/tex/latex/ae/ae.sty
Package: ae 2001/02/12 1.3 Almost European Computer Modern

(/usr/share/texlive/texmf-dist/tex/latex/base/fontenc.sty
Package: fontenc 2005/09/27 v1.99g Standard LaTeX package

(/usr/share/texlive/texmf-dist/tex/latex/base/t1enc.def
File: t1enc.def 2005/09/27 v1.99g Standard LaTeX file
LaTeX Font Info:    Redeclaring font encoding T1 on input line 43.
)
LaTeX Font Info:    Try loading font information for T1+aer on input line 100.

(/usr/share/texlive/texmf-dist/tex/latex/ae/t1aer.fd
File: t1aer.fd 1997/11/16 Font definitions for T1/aer.
)))
(/usr/share/texlive/texmf-dist/tex/latex/fancyvrb/fancyvrb.sty
Package: fancyvrb 2008/02/07

Style option: `fancyvrb' v2.7a, with DG/SPQR fixes, and firstline=lastline fix 
<2008/02/07> (tvz)
\FV@CodeLineNo=\count88
\FV@InFile=\read1
\FV@TabBox=\box26
\c@FancyVerbLine=\count89
\FV@StepNumber=\count90
\FV@OutFile=\write3
) (/usr/share/texlive/texmf-dist/tex/latex/base/fontenc.sty
Package: fontenc 2005/09/27 v1.99g Standard LaTeX package

(/usr/share/texlive/texmf-dist/tex/latex/base/t1enc.def
File: t1enc.def 2005/09/27 v1.99g Standard LaTeX file
LaTeX Font Info:    Redeclaring font encoding T1 on input line 43.
))
(/usr/share/texlive/texmf-dist/tex/latex/upquote/upquote.sty
Package: upquote 2012/04/19 v1.3 upright-quote and grave-accent glyphs in verba
tim

(/usr/share/texlive/texmf-dist/tex/latex/base/textcomp.sty
Package: textcomp 2005/09/27 v1.99g Standard LaTeX package
Package textcomp Info: Sub-encoding information:
(textcomp)               5 = only ISO-Adobe without \textcurrency
(textcomp)               4 = 5 + \texteuro
(textcomp)               3 = 4 + \textohm
(textcomp)               2 = 3 + \textestimated + \textcurrency
(textcomp)               1 = TS1 - \textcircled - \t
(textcomp)               0 = TS1 (full)
(textcomp)             Font families with sub-encoding setting implement
(textcomp)             only a restricted character set as indicated.
(textcomp)             Family '?' is the default used for unknown fonts.
(textcomp)             See the documentation for details.
Package textcomp Info: Setting ? sub-encoding to TS1/1 on input line 71.

(/usr/share/texlive/texmf-dist/tex/latex/base/ts1enc.def
File: ts1enc.def 2001/06/05 v3.0e (jk/car/fm) Standard LaTeX file
)
LaTeX Info: Redefining \oldstylenums on input line 266.
Package textcomp Info: Setting cmr sub-encoding to TS1/0 on input line 281.
Package textcomp Info: Setting cmss sub-encoding to TS1/0 on input line 282.
Package textcomp Info: Setting cmtt sub-encoding to TS1/0 on input line 283.
Package textcomp Info: Setting cmvtt sub-encoding to TS1/0 on input line 284.
Package textcomp Info: Setting cmbr sub-encoding to TS1/0 on input line 285.
Package textcomp Info: Setting cmtl sub-encoding to TS1/0 on input line 286.
Package textcomp Info: Setting ccr sub-encoding to TS1/0 on input line 287.
Package textcomp Info: Setting ptm sub-encoding to TS1/4 on input line 288.
Package textcomp Info: Setting pcr sub-encoding to TS1/4 on input line 289.
Package textcomp Info: Setting phv sub-encoding to TS1/4 on input line 290.
Package textcomp Info: Setting ppl sub-encoding to TS1/3 on input line 291.
Package textcomp Info: Setting pag sub-encoding to TS1/4 on input line 292.
Package textcomp Info: Setting pbk sub-encoding to TS1/4 on input line 293.
Package textcomp Info: Setting pnc sub-encoding to TS1/4 on input line 294.
Package textcomp Info: Setting pzc sub-encoding to TS1/4 on input line 295.
Package textcomp Info: Setting bch sub-encoding to TS1/4 on input line 296.
Package textcomp Info: Setting put sub-encoding to TS1/5 on input line 297.
Package textcomp Info: Setting uag sub-encoding to TS1/5 on input line 298.
Package textcomp Info: Setting ugq sub-encoding to TS1/5 on input line 299.
Package textcomp Info: Setting ul8 sub-encoding to TS1/4 on input line 300.
Package textcomp Info: Setting ul9 sub-encoding to TS1/4 on input line 301.
Package textcomp Info: Setting augie sub-encoding to TS1/5 on input line 302.
Package textcomp Info: Setting dayrom sub-encoding to TS1/3 on input line 303.
Package textcomp Info: Setting dayroms sub-encoding to TS1/3 on input line 304.

Package textcomp Info: Setting pxr sub-encoding to TS1/0 on input line 305.
Package textcomp Info: Setting pxss sub-encoding to TS1/0 on input line 306.
Package textcomp Info: Setting pxtt sub-encoding to TS1/0 on input line 307.
Package textcomp Info: Setting txr sub-encoding to TS1/0 on input line 308.
Package textcomp Info: Setting txss sub-encoding to TS1/0 on input line 309.
Package textcomp Info: Setting txtt sub-encoding to TS1/0 on input line 310.
Package textcomp Info: Setting lmr sub-encoding to TS1/0 on input line 311.
Package textcomp Info: Setting lmdh sub-encoding to TS1/0 on input line 312.
Package textcomp Info: Setting lmss sub-encoding to TS1/0 on input line 313.
Package textcomp Info: Setting lmssq sub-encoding to TS1/0 on input line 314.
Package textcomp Info: Setting lmvtt sub-encoding to TS1/0 on input line 315.
Package textcomp Info: Setting qhv sub-encoding to TS1/0 on input line 316.
Package textcomp Info: Setting qag sub-encoding to TS1/0 on input line 317.
Package textcomp Info: Setting qbk sub-encoding to TS1/0 on input line 318.
Package textcomp Info: Setting qcr sub-encoding to TS1/0 on input line 319.
Package textcomp Info: Setting qcs sub-encoding to TS1/0 on input line 320.
Package textcomp Info: Setting qpl sub-encoding to TS1/0 on input line 321.
Package textcomp Info: Setting qtm sub-encoding to TS1/0 on input line 322.
Package textcomp Info: Setting qzc sub-encoding to TS1/0 on input line 323.
Package textcomp Info: Setting qhvc sub-encoding to TS1/0 on input line 324.
Package textcomp Info: Setting futs sub-encoding to TS1/4 on input line 325.
Package textcomp Info: Setting futx sub-encoding to TS1/4 on input line 326.
Package textcomp Info: Setting futj sub-encoding to TS1/4 on input line 327.
Package textcomp Info: Setting hlh sub-encoding to TS1/3 on input line 328.
Package textcomp Info: Setting hls sub-encoding to TS1/3 on input line 329.
Package textcomp Info: Setting hlst sub-encoding to TS1/3 on input line 330.
Package textcomp Info: Setting hlct sub-encoding to TS1/5 on input line 331.
Package textcomp Info: Setting hlx sub-encoding to TS1/5 on input line 332.
Package textcomp Info: Setting hlce sub-encoding to TS1/5 on input line 333.
Package textcomp Info: Setting hlcn sub-encoding to TS1/5 on input line 334.
Package textcomp Info: Setting hlcw sub-encoding to TS1/5 on input line 335.
Package textcomp Info: Setting hlcf sub-encoding to TS1/5 on input line 336.
Package textcomp Info: Setting pplx sub-encoding to TS1/3 on input line 337.
Package textcomp Info: Setting pplj sub-encoding to TS1/3 on input line 338.
Package textcomp Info: Setting ptmx sub-encoding to TS1/4 on input line 339.
Package textcomp Info: Setting ptmj sub-encoding to TS1/4 on input line 340.
))
(/usr/share/texlive/texmf-dist/tex/latex/natbib/natbib.sty
Package: natbib 2010/09/13 8.31b (PWD, AO)
\bibhang=\skip43
\bibsep=\skip44
LaTeX Info: Redefining \cite on input line 694.
\c@NAT@ctr=\count91
)
\footerskip=\skip45

(/usr/share/texlive/texmf-dist/tex/latex/hyperref/hyperref.sty
Package: hyperref 2012/11/06 v6.83m Hypertext links for LaTeX

(/usr/share/texlive/texmf-dist/tex/generic/oberdiek/hobsub-hyperref.sty
Package: hobsub-hyperref 2012/05/28 v1.13 Bundle oberdiek, subset hyperref (HO)


(/usr/share/texlive/texmf-dist/tex/generic/oberdiek/hobsub-generic.sty
Package: hobsub-generic 2012/05/28 v1.13 Bundle oberdiek, subset generic (HO)
Package: hobsub 2012/05/28 v1.13 Construct package bundles (HO)
Package hobsub Info: Skipping package `infwarerr' (already loaded).
Package hobsub Info: Skipping package `ltxcmds' (already loaded).
Package: ifluatex 2010/03/01 v1.3 Provides the ifluatex switch (HO)
Package ifluatex Info: LuaTeX not detected.
Package: ifvtex 2010/03/01 v1.5 Detect VTeX and its facilities (HO)
Package ifvtex Info: VTeX not detected.
Package: intcalc 2007/09/27 v1.1 Expandable calculations with integers (HO)
Package: ifpdf 2011/01/30 v2.3 Provides the ifpdf switch (HO)
Package ifpdf Info: pdfTeX in PDF mode is detected.
Package: etexcmds 2011/02/16 v1.5 Avoid name clashes with e-TeX commands (HO)
Package etexcmds Info: Could not find \expanded.
(etexcmds)             That can mean that you are not using pdfTeX 1.50 or
(etexcmds)             that some package has redefined \expanded.
(etexcmds)             In the latter case, load this package earlier.
Package: kvsetkeys 2012/04/25 v1.16 Key value parser (HO)
Package: kvdefinekeys 2011/04/07 v1.3 Define keys (HO)
Package: pdftexcmds 2011/11/29 v0.20 Utility functions of pdfTeX for LuaTeX (HO
)
Package pdftexcmds Info: LuaTeX not detected.
Package pdftexcmds Info: \pdf@primitive is available.
Package pdftexcmds Info: \pdf@ifprimitive is available.
Package pdftexcmds Info: \pdfdraftmode found.
Package: pdfescape 2011/11/25 v1.13 Implements pdfTeX's escape features (HO)
Package: bigintcalc 2012/04/08 v1.3 Expandable calculations on big integers (HO
)
Package: bitset 2011/01/30 v1.1 Handle bit-vector datatype (HO)
Package: uniquecounter 2011/01/30 v1.2 Provide unlimited unique counter (HO)
)
Package hobsub Info: Skipping package `hobsub' (already loaded).
Package: letltxmacro 2010/09/02 v1.4 Let assignment for LaTeX macros (HO)
Package: hopatch 2012/05/28 v1.2 Wrapper for package hooks (HO)
Package: xcolor-patch 2011/01/30 xcolor patch
Package: atveryend 2011/06/30 v1.8 Hooks at the very end of document (HO)
Package atveryend Info: \enddocument detected (standard20110627).
Package: atbegshi 2011/10/05 v1.16 At begin shipout hook (HO)
Package: refcount 2011/10/16 v3.4 Data extraction from label references (HO)
Package: hycolor 2011/01/30 v1.7 Color options for hyperref/bookmark (HO)
)
(/usr/share/texlive/texmf-dist/tex/generic/ifxetex/ifxetex.sty
Package: ifxetex 2010/09/12 v0.6 Provides ifxetex conditional
)
(/usr/share/texlive/texmf-dist/tex/latex/oberdiek/auxhook.sty
Package: auxhook 2011/03/04 v1.3 Hooks for auxiliary files (HO)
)
(/usr/share/texlive/texmf-dist/tex/latex/oberdiek/kvoptions.sty
Package: kvoptions 2011/06/30 v3.11 Key value format for package options (HO)
)
\@linkdim=\dimen105
\Hy@linkcounter=\count92
\Hy@pagecounter=\count93

(/usr/share/texlive/texmf-dist/tex/latex/hyperref/pd1enc.def
File: pd1enc.def 2012/11/06 v6.83m Hyperref: PDFDocEncoding definition (HO)
)
\Hy@SavedSpaceFactor=\count94

(/usr/share/texlive/texmf-dist/tex/latex/latexconfig/hyperref.cfg
File: hyperref.cfg 2002/06/06 v1.2 hyperref configuration of TeXLive
)
Package hyperref Info: Hyper figures OFF on input line 4443.
Package hyperref Info: Link nesting OFF on input line 4448.
Package hyperref Info: Hyper index ON on input line 4451.
Package hyperref Info: Plain pages OFF on input line 4458.
Package hyperref Info: Backreferencing OFF on input line 4463.
Package hyperref Info: Implicit mode ON; LaTeX internals redefined.
Package hyperref Info: Bookmarks ON on input line 4688.
\c@Hy@tempcnt=\count95

(/usr/share/texlive/texmf-dist/tex/latex/url/url.sty
\Urlmuskip=\muskip10
Package: url 2013/09/16  ver 3.4  Verb mode for urls, etc.
)
LaTeX Info: Redefining \url on input line 5041.
\XeTeXLinkMargin=\dimen106
\Fld@menulength=\count96
\Field@Width=\dimen107
\Fld@charsize=\dimen108
Package hyperref Info: Hyper figures OFF on input line 6295.
Package hyperref Info: Link nesting OFF on input line 6300.
Package hyperref Info: Hyper index ON on input line 6303.
Package hyperref Info: backreferencing OFF on input line 6310.
Package hyperref Info: Link coloring OFF on input line 6315.
Package hyperref Info: Link coloring with OCG OFF on input line 6320.
Package hyperref Info: PDF/A mode OFF on input line 6325.
LaTeX Info: Redefining \ref on input line 6365.
LaTeX Info: Redefining \pageref on input line 6369.
\Hy@abspage=\count97
\c@Item=\count98
\c@Hfootnote=\count99
)

Package hyperref Message: Driver (autodetected): hpdftex.

(/usr/share/texlive/texmf-dist/tex/latex/hyperref/hpdftex.def
File: hpdftex.def 2012/11/06 v6.83m Hyperref driver for pdfTeX
\Fld@listcount=\count100
\c@bookmark@seq@number=\count101

(/usr/share/texlive/texmf-dist/tex/latex/oberdiek/rerunfilecheck.sty
Package: rerunfilecheck 2011/04/15 v1.7 Rerun checks for auxiliary files (HO)
Package uniquecounter Info: New unique counter `rerunfilecheck' on input line 2
82.
)
\Hy@SectionHShift=\skip46
)
\preXLskip=\skip47
\preLskip=\skip48
\preMskip=\skip49
\preSskip=\skip50
\postMskip=\skip51
\postSskip=\skip52


Package hyperref Warning: Option `hyperindex' has already been used,
(hyperref)                setting the option has no effect on input line 453.

Package hyperref Info: Option `colorlinks' set `true' on input line 453.
Package hyperref Info: Option `linktocpage' set `true' on input line 453.
Package hyperref Info: Option `plainpages' set `false' on input line 453.
) (/usr/share/texlive/texmf-dist/tex/latex/framed/framed.sty
Package: framed 2011/10/22 v 0.96: framed or shaded text with page breaks
\OuterFrameSep=\skip53
\fb@frw=\dimen109
\fb@frh=\dimen110
\FrameRule=\dimen111
\FrameSep=\dimen112
)
(/usr/share/texlive/texmf-dist/tex/latex/base/alltt.sty
Package: alltt 1997/06/16 v2.0g defines alltt environment
)
(/usr/share/texlive/texmf-dist/tex/latex/psnfss/mathpazo.sty
Package: mathpazo 2005/04/12 PSNFSS-v9.2a Palatino w/ Pazo Math (D.Puga, WaS) 
\symupright=\mathgroup4
)
(/usr/share/texlive/texmf-dist/tex/latex/geometry/geometry.sty
Package: geometry 2010/09/12 v5.6 Page Geometry
\Gm@cnth=\count102
\Gm@cntv=\count103
\c@Gm@tempcnt=\count104
\Gm@bindingoffset=\dimen113
\Gm@wd@mp=\dimen114
\Gm@odd@mp=\dimen115
\Gm@even@mp=\dimen116
\Gm@layoutwidth=\dimen117
\Gm@layoutheight=\dimen118
\Gm@layouthoffset=\dimen119
\Gm@layoutvoffset=\dimen120
\Gm@dimlist=\toks15
)
(/usr/share/texlive/texmf-dist/tex/latex/breakurl/breakurl.sty
Package: breakurl 2013/04/10 v1.40 Breakable hyperref URLs

(/usr/share/texlive/texmf-dist/tex/latex/xkeyval/xkeyval.sty
Package: xkeyval 2012/10/14 v2.6b package option processing (HA)

(/usr/share/texlive/texmf-dist/tex/generic/xkeyval/xkeyval.tex
\XKV@toks=\toks16
\XKV@tempa@toks=\toks17
\XKV@depth=\count105
File: xkeyval.tex 2012/10/14 v2.6b key=value parser (HA)
))

Package breakurl Warning: You are using breakurl while processing via pdflatex.

(breakurl)                \burl will be just a synonym of \url.
(breakurl)                 on input line 48.

) (./algorithm2e.sty
Package: algorithm2e 2013/01/06 v5.00 algorithms environments
\c@AlgoLine=\count106
 (/usr/share/texlive/texmf-dist/tex/latex/base/ifthen.sty
Package: ifthen 2001/05/26 v1.1c Standard LaTeX ifthen package (DPC)
)
(/usr/share/texlive/texmf-dist/tex/latex/tools/xspace.sty
Package: xspace 2009/10/20 v1.13 Space after command names (DPC,MH)
)
(/usr/share/texlive/texmf-dist/tex/latex/relsize/relsize.sty
Package: relsize 2013/03/29 ver 4.1
)
********************************************************
Package `algorithm2e' Release 5.0 -- january 06 2013 --
- algorithm2e-announce@lirmm.fr mailing list for announcement about releases
- algorithm2e-discussion@lirmm.fr mailing list for discussion about package
subscribe by emailing sympa@lirmm.fr with 'subscribe <list> <firstname name>'
- Author: Christophe Fiorio (cfiorio@um2.fr)
********************************************************
\skiptotal=\skip54
\skiplinenumber=\skip55
\skiprule=\skip56
\skiphlne=\skip57
\skiptext=\skip58
\skiplength=\skip59
\algomargin=\skip60
\skipalgocfslide=\skip61
\algowidth=\dimen121
\inoutsize=\dimen122
\inoutindent=\dimen123
\interspacetitleruled=\dimen124
\interspacealgoruled=\dimen125
\interspacetitleboxruled=\dimen126
\algocf@inoutbox=\box27
\algocf@inputbox=\box28
\AlCapSkip=\skip62
\AlCapHSkip=\skip63
\algoskipindent=\skip64
\algocf@nlbox=\box29
\algocf@hangingbox=\box30
\algocf@untilbox=\box31
\algocf@skipuntil=\skip65
\algocf@capbox=\box32
\algoheightruledefault=\skip66
\algoheightrule=\skip67
\algotitleheightruledefault=\skip68
\algotitleheightrule=\skip69
\c@algocfline=\count107
\c@algocfproc=\count108
\c@algocf=\count109
\algocf@algoframe=\box33
\algocf@algobox=\box34
) (/usr/share/texlive/texmf-dist/tex/latex/mh/mathtools.sty
Package: mathtools 2013/02/12 v1.13 mathematical typesetting tools

(/usr/share/texlive/texmf-dist/tex/latex/tools/calc.sty
Package: calc 2007/08/22 v4.3 Infix arithmetic (KKT,FJ)
\calc@Acount=\count110
\calc@Bcount=\count111
\calc@Adimen=\dimen127
\calc@Bdimen=\dimen128
\calc@Askip=\skip70
\calc@Bskip=\skip71
LaTeX Info: Redefining \setlength on input line 76.
LaTeX Info: Redefining \addtolength on input line 77.
\calc@Ccount=\count112
\calc@Cskip=\skip72
)
(/usr/share/texlive/texmf-dist/tex/latex/mh/mhsetup.sty
Package: mhsetup 2010/01/21 v1.2a programming setup (MH)
)
(/usr/share/texlive/texmf-dist/tex/latex/amsmath/amsmath.sty
Package: amsmath 2013/01/14 v2.14 AMS math features
\@mathmargin=\skip73

For additional information on amsmath, use the `?' option.
(/usr/share/texlive/texmf-dist/tex/latex/amsmath/amstext.sty
Package: amstext 2000/06/29 v2.01

(/usr/share/texlive/texmf-dist/tex/latex/amsmath/amsgen.sty
File: amsgen.sty 1999/11/30 v2.0
\@emptytoks=\toks18
\ex@=\dimen129
))
(/usr/share/texlive/texmf-dist/tex/latex/amsmath/amsbsy.sty
Package: amsbsy 1999/11/29 v1.2d
\pmbraise@=\dimen130
)
(/usr/share/texlive/texmf-dist/tex/latex/amsmath/amsopn.sty
Package: amsopn 1999/12/14 v2.01 operator names
)
\inf@bad=\count113
LaTeX Info: Redefining \frac on input line 210.
\uproot@=\count114
\leftroot@=\count115
LaTeX Info: Redefining \overline on input line 306.
\classnum@=\count116
\DOTSCASE@=\count117
LaTeX Info: Redefining \ldots on input line 378.
LaTeX Info: Redefining \dots on input line 381.
LaTeX Info: Redefining \cdots on input line 466.
\Mathstrutbox@=\box35
\strutbox@=\box36
\big@size=\dimen131
LaTeX Font Info:    Redeclaring font encoding OML on input line 566.
LaTeX Font Info:    Redeclaring font encoding OMS on input line 567.
\macc@depth=\count118
\c@MaxMatrixCols=\count119
\dotsspace@=\muskip11
\c@parentequation=\count120
\dspbrk@lvl=\count121
\tag@help=\toks19
\row@=\count122
\column@=\count123
\maxfields@=\count124
\andhelp@=\toks20
\eqnshift@=\dimen132
\alignsep@=\dimen133
\tagshift@=\dimen134
\tagwidth@=\dimen135
\totwidth@=\dimen136
\lineht@=\dimen137
\@envbody=\toks21
\multlinegap=\skip74
\multlinetaggap=\skip75
\mathdisplay@stack=\toks22
LaTeX Info: Redefining \[ on input line 2665.
LaTeX Info: Redefining \] on input line 2666.
)
LaTeX Info: Thecontrolsequence`\['isalreadyrobust on input line 129.
LaTeX Info: Thecontrolsequence`\]'isalreadyrobust on input line 129.
\g_MT_multlinerow_int=\count125
\l_MT_multwidth_dim=\dimen138
\origjot=\skip76
\l_MT_shortvdotswithinadjustabove_dim=\dimen139
\l_MT_shortvdotswithinadjustbelow_dim=\dimen140
\l_MT_above_intertext_sep=\dimen141
\l_MT_below_intertext_sep=\dimen142
\l_MT_above_shortintertext_sep=\dimen143
\l_MT_below_shortintertext_sep=\dimen144
)
(/usr/share/texlive/texmf-dist/tex/latex/draftwatermark/draftwatermark.sty
Package: draftwatermark 2006/06/30 1.0 Put a gray textual watermark on document
 pages

(/usr/share/texlive/texmf-dist/tex/latex/everypage/everypage.sty
Package: everypage 2007/06/20 1.1 Hooks to run on every page
)
\sc@wm@fontsize=\skip77
)
(/usr/share/texlive/texmf-dist/tex/latex/float/float.sty
Package: float 2001/11/08 v1.3d Float enhancements (AL)
\c@float@type=\count126
\float@exts=\toks23
\float@box=\box37
\@float@everytoks=\toks24
\@floatcapt=\box38
) (./placeins.sty
Package: placeins 2005/04/18  v 2.2
)
(/usr/share/texlive/texmf-dist/tex/latex/jknapltx/mathrsfs.sty
Package: mathrsfs 1996/01/01 Math RSFS package v1.0 (jk)
\symrsfs=\mathgroup5
)
(/usr/share/texlive/texmf-dist/tex/latex/multirow/multirow.sty
\bigstrutjot=\dimen145
)
(./methodology.aux

! Package natbib Error: Bibliography not compatible with author-year citations.

(natbib)                Press <return> to continue in numerical citation style.


See the natbib package documentation for explanation.
Type  H <return>  for immediate help.
 ...                                              
                                                  
l.83 ...mand\NAT@force@numbers{}\NAT@force@numbers
                                                  
? 
)
\openout1 = `methodology.aux'.

LaTeX Font Info:    Checking defaults for OML/cmm/m/it on input line 126.
LaTeX Font Info:    ... okay on input line 126.
LaTeX Font Info:    Checking defaults for T1/cmr/m/n on input line 126.
LaTeX Font Info:    ... okay on input line 126.
LaTeX Font Info:    Checking defaults for OT1/cmr/m/n on input line 126.
LaTeX Font Info:    ... okay on input line 126.
LaTeX Font Info:    Checking defaults for OMS/cmsy/m/n on input line 126.
LaTeX Font Info:    ... okay on input line 126.
LaTeX Font Info:    Checking defaults for OMX/cmex/m/n on input line 126.
LaTeX Font Info:    ... okay on input line 126.
LaTeX Font Info:    Checking defaults for U/cmr/m/n on input line 126.
LaTeX Font Info:    ... okay on input line 126.
LaTeX Font Info:    Checking defaults for TS1/cmr/m/n on input line 126.
LaTeX Font Info:    Try loading font information for TS1+cmr on input line 126.

 (/usr/share/texlive/texmf-dist/tex/latex/base/ts1cmr.fd
File: ts1cmr.fd 1999/05/25 v2.5h Standard LaTeX font definitions
)
LaTeX Font Info:    ... okay on input line 126.
LaTeX Font Info:    Checking defaults for PD1/pdf/m/n on input line 126.
LaTeX Font Info:    ... okay on input line 126.
LaTeX Font Info:    Try loading font information for T1+pplx on input line 126.


(/usr/share/texlive/texmf-dist/tex/latex/psnfss/t1pplx.fd
File: t1pplx.fd 2004/09/06 font definitions for T1/pplx.
)
(/usr/share/texlive/texmf-dist/tex/context/base/supp-pdf.mkii
[Loading MPS to PDF converter (version 2006.09.02).]
\scratchcounter=\count127
\scratchdimen=\dimen146
\scratchbox=\box39
\nofMPsegments=\count128
\nofMParguments=\count129
\everyMPshowfont=\toks25
\MPscratchCnt=\count130
\MPscratchDim=\dimen147
\MPnumerator=\count131
\makeMPintoPDFobject=\count132
\everyMPtoPDFconversion=\toks26
) (/usr/share/texlive/texmf-dist/tex/latex/oberdiek/epstopdf-base.sty
Package: epstopdf-base 2010/02/09 v2.5 Base part for package epstopdf

(/usr/share/texlive/texmf-dist/tex/latex/oberdiek/grfext.sty
Package: grfext 2010/08/19 v1.1 Manage graphics extensions (HO)
)
Package grfext Info: Graphics extension search list:
(grfext)             [.png,.pdf,.jpg,.mps,.jpeg,.jbig2,.jb2,.PNG,.PDF,.JPG,.JPE
G,.JBIG2,.JB2,.eps]
(grfext)             \AppendGraphicsExtensions on input line 452.

(/usr/share/texlive/texmf-dist/tex/latex/latexconfig/epstopdf-sys.cfg
File: epstopdf-sys.cfg 2010/07/13 v1.3 Configuration of (r)epstopdf for TeX Liv
e
))
\AtBeginShipoutBox=\box40
Package hyperref Info: Link coloring ON on input line 126.

(/usr/share/texlive/texmf-dist/tex/latex/hyperref/nameref.sty
Package: nameref 2012/10/27 v2.43 Cross-referencing by name of section

(/usr/share/texlive/texmf-dist/tex/generic/oberdiek/gettitlestring.sty
Package: gettitlestring 2010/12/03 v1.4 Cleanup title references (HO)
)
\c@section@level=\count133
)
LaTeX Info: Redefining \ref on input line 126.
LaTeX Info: Redefining \pageref on input line 126.
LaTeX Info: Redefining \nameref on input line 126.

(./methodology.out) (./methodology.out)
\@outlinefile=\write4
\openout4 = `methodology.out'.

LaTeX Font Info:    Font shape `T1/pplx/bx/n' in size <17.28> not available
(Font)              Font shape `T1/pplx/b/n' tried instead on input line 126.
LaTeX Font Info:    Try loading font information for OT1+pplx on input line 126
.

(/usr/share/texlive/texmf-dist/tex/latex/psnfss/ot1pplx.fd
File: ot1pplx.fd 2004/09/06 font definitions for OT1/pplx.
)
LaTeX Font Info:    Try loading font information for OML+zplm on input line 126
.

(/usr/share/texlive/texmf-dist/tex/latex/psnfss/omlzplm.fd
File: omlzplm.fd 2002/09/08 Fontinst v1.914 font definitions for OML/zplm.
)
LaTeX Font Info:    Try loading font information for OMS+zplm on input line 126
.

(/usr/share/texlive/texmf-dist/tex/latex/psnfss/omszplm.fd
File: omszplm.fd 2002/09/08 Fontinst v1.914 font definitions for OMS/zplm.
)
LaTeX Font Info:    Try loading font information for OMX+zplm on input line 126
.

(/usr/share/texlive/texmf-dist/tex/latex/psnfss/omxzplm.fd
File: omxzplm.fd 2002/09/08 Fontinst v1.914 font definitions for OMX/zplm.
)
LaTeX Font Info:    Try loading font information for OT1+zplm on input line 126
.

(/usr/share/texlive/texmf-dist/tex/latex/psnfss/ot1zplm.fd
File: ot1zplm.fd 2002/09/08 Fontinst v1.914 font definitions for OT1/zplm.
)
LaTeX Font Info:    Try loading font information for U+rsfs on input line 126.

(/usr/share/texlive/texmf-dist/tex/latex/jknapltx/ursfs.fd
File: ursfs.fd 1998/03/24 rsfs font definition file (jk)
)
LaTeX Font Info:    Font shape `T1/pplx/bx/n' in size <12> not available
(Font)              Font shape `T1/pplx/b/n' tried instead on input line 126.
LaTeX Font Info:    Font shape `T1/pplx/bx/n' in size <10> not available
(Font)              Font shape `T1/pplx/b/n' tried instead on input line 126.

Overfull \hbox (0.92574pt too wide) in paragraph at lines 126--126
\T1/pplx/m/n/10 strates abil-ity to cap-ture cross-country and cross-commodity 
in-for-ma-tion which are present
 []

*geometry* driver: auto-detecting
*geometry* detected driver: pdftex
*geometry* verbose mode - [ preamble ] result:
* driver: pdftex
* paper: <default>
* layout: <same size as paper>
* layoutoffset:(h,v)=(0.0pt,0.0pt)
* modes: twoside 
* h-part:(L,W,R)=(71.13188pt, 455.24411pt, 71.13188pt)
* v-part:(T,H,B)=(71.13188pt, 702.78308pt, 71.13188pt)
* \paperwidth=597.50787pt
* \paperheight=845.04684pt
* \textwidth=455.24411pt
* \textheight=702.78308pt
* \oddsidemargin=-1.1381pt
* \evensidemargin=-1.1381pt
* \topmargin=-38.1381pt
* \headheight=12.0pt
* \headsep=25.0pt
* \topskip=11.0pt
* \footskip=30.0pt
* \marginparwidth=54.2025pt
* \marginparsep=10.0pt
* \columnsep=10.0pt
* \skip\footins=10.0pt plus 4.0pt minus 2.0pt
* \hoffset=0.0pt
* \voffset=0.0pt
* \mag=1000
* \@twocolumnfalse
* \@twosidetrue
* \@mparswitchtrue
* \@reversemarginfalse
* (1in=72.27pt=25.4mm, 1cm=28.453pt)

LaTeX Font Info:    Font shape `T1/pplx/bx/n' in size <10.95> not available
(Font)              Font shape `T1/pplx/b/n' tried instead on input line 128.
LaTeX Font Info:    Font shape `T1/pplx/bx/n' in size <14.4> not available
(Font)              Font shape `T1/pplx/b/n' tried instead on input line 128.

Underfull \hbox (badness 10000) in paragraph at lines 129--134

 []


Underfull \hbox (badness 10000) in paragraph at lines 144--153

 []

[1{/var/lib/texmf/fonts/map/pdftex/updmap/pdftex.map}

]
Underfull \hbox (badness 10000) in paragraph at lines 164--171

 []


Underfull \hbox (badness 10000) in paragraph at lines 173--176

 []


Underfull \hbox (badness 10000) in paragraph at lines 177--182

 []


Underfull \hbox (badness 10000) in paragraph at lines 209--213

 []


Underfull \hbox (badness 10000) in paragraph at lines 218--227

 []

LaTeX Font Info:    Font shape `T1/pplx/m/sl' in size <10.95> not available
(Font)              Font shape `T1/pplx/m/it' tried instead on input line 228.

Overfull \hbox (5.47499pt too wide) has occurred while \output is active
\T1/pplx/m/n/10.95 2 []
 []

[2pdfTeX warning (ext4): destination with the same identifier (name{table.1}) h
as been already used, duplicate ignored

\AtBegShi@Output ...ipout \box \AtBeginShipoutBox 
                                                  \fi \fi 
l.228 N
       evertheless, both approaches only utilize one dimension of]
Underfull \hbox (badness 10000) in paragraph at lines 228--234

 []


Underfull \hbox (badness 10000) in paragraph at lines 235--243

 []

LaTeX Font Info:    Try loading font information for U+fplmbb on input line 252
.
(/usr/share/texlive/texmf-dist/tex/latex/psnfss/ufplmbb.fd
File: ufplmbb.fd 2003/10/30 Fontinst v1.914 font definitions for U/fplmbb.
)
Underfull \hbox (badness 10000) in paragraph at lines 255--264

 []


Underfull \hbox (badness 10000) in paragraph at lines 272--282

 []


Underfull \hbox (badness 10000) in paragraph at lines 292--294

 []


Underfull \hbox (badness 10000) in paragraph at lines 296--308

 []


Overfull \hbox (5.47499pt too wide) has occurred while \output is active
[] \T1/pplx/m/n/10.95 3
 []

[3]
Underfull \hbox (badness 10000) in paragraph at lines 311--318

 []


Underfull \hbox (badness 10000) in paragraph at lines 319--327

 []


Underfull \hbox (badness 10000) in paragraph at lines 329--333

 []

Package color Info: Redefining color shadecolor on input line 335.
<figure/wheat-yield-explore.pdf, id=107, 1084.05pt x 867.24pt>
File: figure/wheat-yield-explore.pdf Graphic file (type pdf)

<use figure/wheat-yield-explore.pdf>
Package pdftex.def Info: figure/wheat-yield-explore.pdf used on input line 338.

(pdftex.def)             Requested size: 455.24411pt x 364.19862pt.
Package color Info: Redefining color shadecolor on input line 353.

<figure/grape-yield-explore.pdf, id=108, 1084.05pt x 867.24pt>
File: figure/grape-yield-explore.pdf Graphic file (type pdf)

<use figure/grape-yield-explore.pdf>
Package pdftex.def Info: figure/grape-yield-explore.pdf used on input line 356.

(pdftex.def)             Requested size: 455.24411pt x 364.19862pt.
Package color Info: Redefining color shadecolor on input line 369.

<figure/beef-yield-explore.pdf, id=109, 1084.05pt x 867.24pt>
File: figure/beef-yield-explore.pdf Graphic file (type pdf)

<use figure/beef-yield-explore.pdf>
Package pdftex.def Info: figure/beef-yield-explore.pdf used on input line 372.
(pdftex.def)             Requested size: 455.24411pt x 364.19862pt.

Overfull \hbox (5.47499pt too wide) has occurred while \output is active
\T1/pplx/m/n/10.95 4 []
 []

[4]
Overfull \hbox (5.47499pt too wide) has occurred while \output is active
[] \T1/pplx/m/n/10.95 5
 []

[5pdfTeX warning (ext4): destination with the same identifier (name{figure.1}) 
has been already used, duplicate ignored

\AtBegShi@Output ...ipout \box \AtBeginShipoutBox 
                                                  \fi \fi 
l.385 \FloatBarrier
                    <./figure/wheat-yield-explore.pdf>]
Overfull \hbox (5.47499pt too wide) has occurred while \output is active
\T1/pplx/m/n/10.95 6 []
 []

[6pdfTeX warning (ext4): destination with the same identifier (name{figure.2}) 
has been already used, duplicate ignored

\AtBegShi@Output ...ipout \box \AtBeginShipoutBox 
                                                  \fi \fi 
l.385 \FloatBarrier
                    <./figure/grape-yield-explore.pdf>]
Overfull \hbox (5.47499pt too wide) has occurred while \output is active
[] \T1/pplx/m/n/10.95 7
 []

[7pdfTeX warning (ext4): destination with the same identifier (name{figure.3}) 
has been already used, duplicate ignored

\AtBegShi@Output ...ipout \box \AtBeginShipoutBox 
                                                  \fi \fi 
l.385 \FloatBarrier
                    <./figure/beef-yield-explore.pdf>]
Underfull \hbox (badness 10000) in paragraph at lines 388--393

 []


Underfull \hbox (badness 10000) in paragraph at lines 394--397

 []


Underfull \hbox (badness 10000) in paragraph at lines 398--409

 []


Underfull \hbox (badness 10000) in paragraph at lines 410--415

 []

Package color Info: Redefining color shadecolor on input line 419.
<figure/wheat-production-area-explore.pdf, id=145, 1084.05pt x 1084.05pt>
File: figure/wheat-production-area-explore.pdf Graphic file (type pdf)

<use figure/wheat-production-area-explore.pdf>
Package pdftex.def Info: figure/wheat-production-area-explore.pdf used on input
 line 422.
(pdftex.def)             Requested size: 455.24411pt x 455.24828pt.
Package color Info: Redefining color shadecolor on input line 436.

<figure/grape-production-area-explore.pdf, id=146, 1084.05pt x 1084.05pt>
File: figure/grape-production-area-explore.pdf Graphic file (type pdf)

<use figure/grape-production-area-explore.pdf>
Package pdftex.def Info: figure/grape-production-area-explore.pdf used on input
 line 439.
(pdftex.def)             Requested size: 455.24411pt x 455.24828pt.
Package color Info: Redefining color shadecolor on input line 451.

<figure/beef-production-area-explore.pdf, id=147, 1084.05pt x 1084.05pt>
File: figure/beef-production-area-explore.pdf Graphic file (type pdf)

<use figure/beef-production-area-explore.pdf>
Package pdftex.def Info: figure/beef-production-area-explore.pdf used on input 
line 454.
(pdftex.def)             Requested size: 455.24411pt x 455.24828pt.

Underfull \hbox (badness 10000) in paragraph at lines 465--472

 []


Overfull \hbox (5.47499pt too wide) has occurred while \output is active
\T1/pplx/m/n/10.95 8 []
 []

[8

]
Overfull \hbox (5.47499pt too wide) has occurred while \output is active
[] \T1/pplx/m/n/10.95 9
 []

[9pdfTeX warning (ext4): destination with the same identifier (name{figure.4}) 
has been already used, duplicate ignored

\AtBegShi@Output ...ipout \box \AtBeginShipoutBox 
                                                  \fi \fi 
l.474 \FloatBarrier
                    <./figure/wheat-production-area-explore.pdf>]
Overfull \hbox (10.94998pt too wide) has occurred while \output is active
\T1/pplx/m/n/10.95 10 []
 []

[10pdfTeX warning (ext4): destination with the same identifier (name{figure.5})
 has been already used, duplicate ignored

\AtBegShi@Output ...ipout \box \AtBeginShipoutBox 
                                                  \fi \fi 
l.474 \FloatBarrier
                    <./figure/grape-production-area-explore.pdf>]
Overfull \hbox (10.94998pt too wide) has occurred while \output is active
[] \T1/pplx/m/n/10.95 11
 []

[11pdfTeX warning (ext4): destination with the same identifier (name{figure.6})
 has been already used, duplicate ignored

\AtBegShi@Output ...ipout \box \AtBeginShipoutBox 
                                                  \fi \fi 
l.474 \FloatBarrier
                    <./figure/beef-production-area-explore.pdf>]
Underfull \hbox (badness 10000) in paragraph at lines 490--499

 []


Underfull \hbox (badness 10000) in paragraph at lines 501--504

 []


Underfull \hbox (badness 10000) in paragraph at lines 506--508

 []


Underfull \hbox (badness 10000) in paragraph at lines 524--528

 []


Underfull \hbox (badness 10000) in paragraph at lines 530--540

 []


Overfull \hbox (10.94998pt too wide) has occurred while \output is active
\T1/pplx/m/n/10.95 12 []
 []

[12

]
Underfull \hbox (badness 10000) in paragraph at lines 545--548

 []


Underfull \hbox (badness 10000) in paragraph at lines 549--557

 []

Missing character: There is no ^^L in font rsfs10!

Underfull \hbox (badness 10000) in paragraph at lines 584--587

 []


Underfull \hbox (badness 10000) in paragraph at lines 588--594

 []


Underfull \hbox (badness 10000) in paragraph at lines 600--605

 []


Underfull \hbox (badness 10000) in paragraph at lines 607--613

 []


Underfull \hbox (badness 10000) in paragraph at lines 614--619

 []


Overfull \hbox (10.94998pt too wide) has occurred while \output is active
[] \T1/pplx/m/n/10.95 13
 []

[13]
Underfull \hbox (badness 10000) in paragraph at lines 620--623

 []


Underfull \hbox (badness 10000) in paragraph at lines 624--628

 []


Underfull \hbox (badness 10000) in paragraph at lines 631--636

 []


Underfull \hbox (badness 10000) in paragraph at lines 645--649

 []

<dietterich.png, id=216, 612.78937pt x 542.025pt>
File: dietterich.png Graphic file (type png)
 <use dietterich.png>
Package pdftex.def Info: dietterich.png used on input line 664.
(pdftex.def)             Requested size: 428.94963pt x 379.4149pt.

Underfull \hbox (badness 10000) in paragraph at lines 668--679

 []


Underfull \hbox (badness 10000) in paragraph at lines 680--685

 []


Underfull \hbox (badness 10000) in paragraph at lines 686--697

 []


Overfull \hbox (10.94998pt too wide) has occurred while \output is active
\T1/pplx/m/n/10.95 14 []
 []

[14]
Underfull \hbox (badness 10000) in paragraph at lines 698--703

 []


Underfull \hbox (badness 10000) in paragraph at lines 704--711

 []


Underfull \hbox (badness 10000) in paragraph at lines 717--719

 []


Underfull \hbox (badness 10000) in paragraph at lines 720--724

 []


Underfull \vbox (badness 1728) has occurred while \output is active []


Overfull \hbox (10.94998pt too wide) has occurred while \output is active
[] \T1/pplx/m/n/10.95 15
 []

[15 <./dietterich.png>]
LaTeX Font Info:    Try loading font information for TS1+pplx on input line 726
.

(/usr/share/texlive/texmf-dist/tex/latex/psnfss/ts1pplx.fd
File: ts1pplx.fd 2004/09/06 font definitions for TS1/pplx.
)
Underfull \hbox (badness 10000) in paragraph at lines 758--766

 []


Underfull \hbox (badness 10000) in paragraph at lines 767--772

 []


Underfull \hbox (badness 10000) in paragraph at lines 773--778

 []


Underfull \hbox (badness 10000) in paragraph at lines 779--780

 []

Package color Info: Redefining color shadecolor on input line 782.
<figure/wheat-swaziland-impute.pdf, id=229, 1084.05pt x 578.16pt>
File: figure/wheat-swaziland-impute.pdf Graphic file (type pdf)

<use figure/wheat-swaziland-impute.pdf>
Package pdftex.def Info: figure/wheat-swaziland-impute.pdf used on input line 7
85.
(pdftex.def)             Requested size: 455.24411pt x 242.79907pt.
Package color Info: Redefining color shadecolor on input line 796.

<figure/wheat-mauritania.pdf, id=230, 1084.05pt x 578.16pt>
File: figure/wheat-mauritania.pdf Graphic file (type pdf)

<use figure/wheat-mauritania.pdf>
Package pdftex.def Info: figure/wheat-mauritania.pdf used on input line 799.
(pdftex.def)             Requested size: 455.24411pt x 242.79907pt.
Package color Info: Redefining color shadecolor on input line 811.

<figure/grape-zimbabwe.pdf, id=231, 1084.05pt x 578.16pt>
File: figure/grape-zimbabwe.pdf Graphic file (type pdf)

<use figure/grape-zimbabwe.pdf>
Package pdftex.def Info: figure/grape-zimbabwe.pdf used on input line 814.
(pdftex.def)             Requested size: 455.24411pt x 242.79907pt.
Package color Info: Redefining color shadecolor on input line 825.

<figure/grape-tanzania.pdf, id=232, 1084.05pt x 578.16pt>
File: figure/grape-tanzania.pdf Graphic file (type pdf)

<use figure/grape-tanzania.pdf>
Package pdftex.def Info: figure/grape-tanzania.pdf used on input line 828.
(pdftex.def)             Requested size: 455.24411pt x 242.79907pt.
Package color Info: Redefining color shadecolor on input line 839.

<figure/beef-westbank.pdf, id=233, 1084.05pt x 578.16pt>
File: figure/beef-westbank.pdf Graphic file (type pdf)

<use figure/beef-westbank.pdf>
Package pdftex.def Info: figure/beef-westbank.pdf used on input line 842.
(pdftex.def)             Requested size: 455.24411pt x 242.79907pt.
Package color Info: Redefining color shadecolor on input line 853.

<figure/beef-montenegro.pdf, id=234, 1084.05pt x 578.16pt>
File: figure/beef-montenegro.pdf Graphic file (type pdf)

<use figure/beef-montenegro.pdf>
Package pdftex.def Info: figure/beef-montenegro.pdf used on input line 856.
(pdftex.def)             Requested size: 455.24411pt x 242.79907pt.
Package color Info: Redefining color shadecolor on input line 867.

<figure/beef-cameroon.pdf, id=235, 1084.05pt x 578.16pt>
File: figure/beef-cameroon.pdf Graphic file (type pdf)

<use figure/beef-cameroon.pdf>
Package pdftex.def Info: figure/beef-cameroon.pdf used on input line 870.
(pdftex.def)             Requested size: 455.24411pt x 242.79907pt.

Overfull \hbox (10.94998pt too wide) has occurred while \output is active
\T1/pplx/m/n/10.95 16 []
 []

[16]
Overfull \hbox (10.94998pt too wide) has occurred while \output is active
[] \T1/pplx/m/n/10.95 17
 []

[17pdfTeX warning (ext4): destination with the same identifier (name{figure.7})
 has been already used, duplicate ignored

\AtBegShi@Output ...ipout \box \AtBeginShipoutBox 
                                                  \fi \fi 
l.880 \FloatBarrier
                   pdfTeX warning (ext4): destination with the same identifier 
(name{figure.8}) has been already used, duplicate ignored

\AtBegShi@Output ...ipout \box \AtBeginShipoutBox 
                                                  \fi \fi 
l.880 \FloatBarrier
                    <./figure/wheat-swaziland-impute.pdf> <./figure/wheat-mauri
tania.pdf>]
Overfull \hbox (10.94998pt too wide) has occurred while \output is active
\T1/pplx/m/n/10.95 18 []
 []

[18pdfTeX warning (ext4): destination with the same identifier (name{figure.9})
 has been already used, duplicate ignored

\AtBegShi@Output ...ipout \box \AtBeginShipoutBox 
                                                  \fi \fi 
l.880 \FloatBarrier
                   pdfTeX warning (ext4): destination with the same identifier 
(name{figure.10}) has been already used, duplicate ignored

\AtBegShi@Output ...ipout \box \AtBeginShipoutBox 
                                                  \fi \fi 
l.880 \FloatBarrier
                    <./figure/grape-zimbabwe.pdf> <./figure/grape-tanzania.pdf>
]
Overfull \hbox (10.94998pt too wide) has occurred while \output is active
[] \T1/pplx/m/n/10.95 19
 []

[19pdfTeX warning (ext4): destination with the same identifier (name{figure.11}
) has been already used, duplicate ignored

\AtBegShi@Output ...ipout \box \AtBeginShipoutBox 
                                                  \fi \fi 
l.880 \FloatBarrier
                   pdfTeX warning (ext4): destination with the same identifier 
(name{figure.12}) has been already used, duplicate ignored

\AtBegShi@Output ...ipout \box \AtBeginShipoutBox 
                                                  \fi \fi 
l.880 \FloatBarrier
                    <./figure/beef-westbank.pdf> <./figure/beef-montenegro.pdf>
]
Overfull \hbox (10.94998pt too wide) has occurred while \output is active
\T1/pplx/m/n/10.95 20 []
 []

[20pdfTeX warning (ext4): destination with the same identifier (name{figure.13}
) has been already used, duplicate ignored

\AtBegShi@Output ...ipout \box \AtBeginShipoutBox 
                                                  \fi \fi 
l.880 \FloatBarrier
                    <./figure/beef-cameroon.pdf>]
Underfull \hbox (badness 10000) in paragraph at lines 883--885

 []


Underfull \hbox (badness 10000) in paragraph at lines 889--899

 []

Package color Info: Redefining color shadecolor on input line 912.
<figure/wheat-yield-imputed.pdf, id=307, 1084.05pt x 1084.05pt>
File: figure/wheat-yield-imputed.pdf Graphic file (type pdf)

<use figure/wheat-yield-imputed.pdf>
Package pdftex.def Info: figure/wheat-yield-imputed.pdf used on input line 915.

(pdftex.def)             Requested size: 455.24411pt x 455.24828pt.
Package color Info: Redefining color shadecolor on input line 926.

<figure/wheat-production-imputed.pdf, id=308, 1084.05pt x 1084.05pt>
File: figure/wheat-production-imputed.pdf Graphic file (type pdf)

<use figure/wheat-production-imputed.pdf>
Package pdftex.def Info: figure/wheat-production-imputed.pdf used on input line
 929.
(pdftex.def)             Requested size: 455.24411pt x 455.24828pt.
Package color Info: Redefining color shadecolor on input line 940.

<figure/wheat-areaharvested-imputed.pdf, id=309, 1084.05pt x 1084.05pt>
File: figure/wheat-areaharvested-imputed.pdf Graphic file (type pdf)

<use figure/wheat-areaharvested-imputed.pdf>
Package pdftex.def Info: figure/wheat-areaharvested-imputed.pdf used on input l
ine 943.
(pdftex.def)             Requested size: 455.24411pt x 455.24828pt.

Overfull \hbox (10.94998pt too wide) has occurred while \output is active
[] \T1/pplx/m/n/10.95 21
 []

[21

]
Overfull \hbox (10.94998pt too wide) has occurred while \output is active
\T1/pplx/m/n/10.95 22 []
 []

[22pdfTeX warning (ext4): destination with the same identifier (name{figure.14}
) has been already used, duplicate ignored

\AtBegShi@Output ...ipout \box \AtBeginShipoutBox 
                                                  \fi \fi 
l.953 \FloatBarrier
                    <./figure/wheat-yield-imputed.pdf>]
Overfull \hbox (10.94998pt too wide) has occurred while \output is active
[] \T1/pplx/m/n/10.95 23
 []

[23pdfTeX warning (ext4): destination with the same identifier (name{figure.15}
) has been already used, duplicate ignored

\AtBegShi@Output ...ipout \box \AtBeginShipoutBox 
                                                  \fi \fi 
l.953 \FloatBarrier
                    <./figure/wheat-production-imputed.pdf>]
Overfull \hbox (10.94998pt too wide) has occurred while \output is active
\T1/pplx/m/n/10.95 24 []
 []

[24pdfTeX warning (ext4): destination with the same identifier (name{figure.16}
) has been already used, duplicate ignored

\AtBegShi@Output ...ipout \box \AtBeginShipoutBox 
                                                  \fi \fi 
l.953 \FloatBarrier
                    <./figure/wheat-areaharvested-imputed.pdf>]
Package color Info: Redefining color shadecolor on input line 957.

<figure/grape-yield-imputed.pdf, id=351, 1084.05pt x 1084.05pt>
File: figure/grape-yield-imputed.pdf Graphic file (type pdf)

<use figure/grape-yield-imputed.pdf>
Package pdftex.def Info: figure/grape-yield-imputed.pdf used on input line 960.

(pdftex.def)             Requested size: 455.24411pt x 455.24828pt.
Package color Info: Redefining color shadecolor on input line 972.

<figure/grape-production-imputed.pdf, id=352, 1084.05pt x 1084.05pt>
File: figure/grape-production-imputed.pdf Graphic file (type pdf)

<use figure/grape-production-imputed.pdf>
Package pdftex.def Info: figure/grape-production-imputed.pdf used on input line
 975.
(pdftex.def)             Requested size: 455.24411pt x 455.24828pt.
Package color Info: Redefining color shadecolor on input line 986.

<figure/grape-areaharvested-imputed.pdf, id=353, 1084.05pt x 1084.05pt>
File: figure/grape-areaharvested-imputed.pdf Graphic file (type pdf)

<use figure/grape-areaharvested-imputed.pdf>
Package pdftex.def Info: figure/grape-areaharvested-imputed.pdf used on input l
ine 989.
(pdftex.def)             Requested size: 455.24411pt x 455.24828pt.

Overfull \hbox (10.94998pt too wide) has occurred while \output is active
[] \T1/pplx/m/n/10.95 25
 []

[25

pdfTeX warning (ext4): destination with the same identifier (name{figure.17}) h
as been already used, duplicate ignored

\AtBegShi@Output ...ipout \box \AtBeginShipoutBox 
                                                  \fi \fi 
l.1000 \FloatBarrier
                     <./figure/grape-yield-imputed.pdf>]
Overfull \hbox (10.94998pt too wide) has occurred while \output is active
\T1/pplx/m/n/10.95 26 []
 []

[26pdfTeX warning (ext4): destination with the same identifier (name{figure.18}
) has been already used, duplicate ignored

\AtBegShi@Output ...ipout \box \AtBeginShipoutBox 
                                                  \fi \fi 
l.1000 \FloatBarrier
                     <./figure/grape-production-imputed.pdf>]
Overfull \hbox (10.94998pt too wide) has occurred while \output is active
[] \T1/pplx/m/n/10.95 27
 []

[27pdfTeX warning (ext4): destination with the same identifier (name{figure.19}
) has been already used, duplicate ignored

\AtBegShi@Output ...ipout \box \AtBeginShipoutBox 
                                                  \fi \fi 
l.1000 \FloatBarrier
                     <./figure/grape-areaharvested-imputed.pdf>]
Package color Info: Redefining color shadecolor on input line 1004.

<figure/beef-yield-imputed.pdf, id=389, 1084.05pt x 1084.05pt>
File: figure/beef-yield-imputed.pdf Graphic file (type pdf)

<use figure/beef-yield-imputed.pdf>
Package pdftex.def Info: figure/beef-yield-imputed.pdf used on input line 1007.

(pdftex.def)             Requested size: 455.24411pt x 455.24828pt.
Package color Info: Redefining color shadecolor on input line 1018.

<figure/beef-production-imputed.pdf, id=390, 1084.05pt x 1084.05pt>
File: figure/beef-production-imputed.pdf Graphic file (type pdf)

<use figure/beef-production-imputed.pdf>
Package pdftex.def Info: figure/beef-production-imputed.pdf used on input line 
1021.
(pdftex.def)             Requested size: 455.24411pt x 455.24828pt.
Package color Info: Redefining color shadecolor on input line 1033.

<figure/beef-areaharvested-imputed.pdf, id=391, 1084.05pt x 1084.05pt>
File: figure/beef-areaharvested-imputed.pdf Graphic file (type pdf)

<use figure/beef-areaharvested-imputed.pdf>
Package pdftex.def Info: figure/beef-areaharvested-imputed.pdf used on input li
ne 1036.
(pdftex.def)             Requested size: 455.24411pt x 455.24828pt.

Overfull \hbox (10.94998pt too wide) has occurred while \output is active
\T1/pplx/m/n/10.95 28 []
 []

[28

pdfTeX warning (ext4): destination with the same identifier (name{figure.20}) h
as been already used, duplicate ignored

\AtBegShi@Output ...ipout \box \AtBeginShipoutBox 
                                                  \fi \fi 
l.1053 \FloatBarrier
                     <./figure/beef-yield-imputed.pdf>]
Overfull \hbox (10.94998pt too wide) has occurred while \output is active
[] \T1/pplx/m/n/10.95 29
 []

[29pdfTeX warning (ext4): destination with the same identifier (name{figure.21}
) has been already used, duplicate ignored

\AtBegShi@Output ...ipout \box \AtBeginShipoutBox 
                                                  \fi \fi 
l.1053 \FloatBarrier
                     <./figure/beef-production-imputed.pdf>]
Overfull \hbox (10.94998pt too wide) has occurred while \output is active
\T1/pplx/m/n/10.95 30 []
 []

[30pdfTeX warning (ext4): destination with the same identifier (name{figure.22}
) has been already used, duplicate ignored

\AtBegShi@Output ...ipout \box \AtBeginShipoutBox 
                                                  \fi \fi 
l.1053 \FloatBarrier
                     <./figure/beef-areaharvested-imputed.pdf>]
Underfull \hbox (badness 10000) in paragraph at lines 1055--1061

 []


Underfull \hbox (badness 10000) in paragraph at lines 1063--1068

 []


Underfull \hbox (badness 10000) in paragraph at lines 1073--1076

 []


Underfull \hbox (badness 10000) in paragraph at lines 1091--1095

 []


Underfull \hbox (badness 10000) in paragraph at lines 1096--1101

 []


Overfull \hbox (10.94998pt too wide) has occurred while \output is active
[] \T1/pplx/m/n/10.95 31
 []

[31

]
Underfull \hbox (badness 10000) in paragraph at lines 1142--1146

 []


Underfull \hbox (badness 10000) in paragraph at lines 1147--1153

 []


Underfull \hbox (badness 10000) in paragraph at lines 1154--1158

 []

LaTeX Font Info:    Try loading font information for T1+aett on input line 1172
.
(/usr/share/texlive/texmf-dist/tex/latex/ae/t1aett.fd
File: t1aett.fd 1997/11/16 Font definitions for T1/aett.
)
Underfull \vbox (badness 10000) has occurred while \output is active []


Overfull \hbox (10.94998pt too wide) has occurred while \output is active
\T1/pplx/m/n/10.95 32 []
 []

[32pdfTeX warning (ext4): destination with the same identifier (name{table.2}) 
has been already used, duplicate ignored

\AtBegShi@Output ...ipout \box \AtBeginShipoutBox 
                                                  \fi \fi 
l.1235 \begin{thebibliography}{11}
                                  ]
Overfull \hbox (10.94998pt too wide) has occurred while \output is active
[] \T1/pplx/m/n/10.95 33
 []

[33pdfTeX warning (ext4): destination with the same identifier (name{algocf.1})
 has been already used, duplicate ignored

\AtBegShi@Output ...ipout \box \AtBeginShipoutBox 
                                                  \fi \fi 
l.1259 
       ]
Underfull \hbox (badness 2035) in paragraph at lines 1268--1272
[]\T1/pplx/m/n/10.95 Douglas Bates, Mar-tin Maech-ler, Ben Bolker and Steven Wa
lker, \T1/pplx/m/it/10.95 lme4: Lin-ear
 []


Underfull \hbox (badness 1024) in paragraph at lines 1268--1272
\T1/pplx/m/it/10.95 mixed-effects mod-els us-ing Eigen and S4. \T1/pplx/m/n/10.
95 R pack-age ver-sion 1.0-4. http://CRAN.R-
 []

Package atveryend Info: Empty hook `BeforeClearDocument' on input line 1307.

Overfull \hbox (10.94998pt too wide) has occurred while \output is active
\T1/pplx/m/n/10.95 34 []
 []

[34]
Package atveryend Info: Empty hook `AfterLastShipout' on input line 1307.
 (./methodology.aux)
Package atveryend Info: Executing hook `AtVeryEndDocument' on input line 1307.
Package atveryend Info: Executing hook `AtEndAfterFileList' on input line 1307.

Package rerunfilecheck Info: File `methodology.out' has not changed.
(rerunfilecheck)             Checksum: E01DC68FB02070915CF04F058D85C0E1;1793.
Package atveryend Info: Empty hook `AtVeryVeryEnd' on input line 1307.
 ) 
Here is how much of TeX's memory you used:
 10662 strings out of 493304
 157848 string characters out of 6139872
 278095 words of memory out of 5000000
 13736 multiletter control sequences out of 15000+600000
 58402 words of font info for 112 fonts, out of 8000000 for 9000
 957 hyphenation exceptions out of 8191
 36i,21n,35p,662b,429s stack positions out of 5000i,500n,10000p,200000b,80000s
{/usr/share/texlive/texmf-dist/fonts/enc/dvips/base/8r.enc}</usr/share/texliv
e/texmf-dist/fonts/type1/public/amsfonts/cm/cmex10.pfb></usr/share/texlive/texm
f-dist/fonts/type1/public/amsfonts/cm/cmmi10.pfb></usr/share/texlive/texmf-dist
/fonts/type1/public/amsfonts/cm/cmr10.pfb></usr/share/texlive/texmf-dist/fonts/
type1/public/amsfonts/cm/cmsy10.pfb></usr/share/texlive/texmf-dist/fonts/type1/
public/amsfonts/cm/cmtt10.pfb></usr/share/texlive/texmf-dist/fonts/type1/public
/mathpazo/fplmb.pfb></usr/share/texlive/texmf-dist/fonts/type1/public/mathpazo/
fplmbb.pfb></usr/share/texlive/texmf-dist/fonts/type1/public/mathpazo/fplmbi.pf
b></usr/share/texlive/texmf-dist/fonts/type1/public/mathpazo/fplmr.pfb></usr/sh
are/texlive/texmf-dist/fonts/type1/public/mathpazo/fplmri.pfb></usr/share/texli
ve/texmf-dist/fonts/type1/public/rsfs/rsfs10.pfb></usr/share/texlive/texmf-dist
/fonts/type1/urw/palatino/uplb8a.pfb></usr/share/texlive/texmf-dist/fonts/type1
/urw/palatino/uplr8a.pfb></usr/share/texlive/texmf-dist/fonts/type1/urw/palatin
o/uplri8a.pfb>
Output written on methodology.pdf (34 pages, 1306803 bytes).
PDF statistics:
 541 PDF objects out of 1000 (max. 8388607)
 441 compressed objects within 5 object streams
 126 named destinations out of 1000 (max. 500000)
 260 words of extra memory for PDF output out of 10000 (max. 10000000)

